[main] 2020-11-22 13:52:04,062 com.rty.springboot.RTYSpringBootApplication[INFO]: Starting RTYSpringBootApplication on rty-PC with PID 9624 (H:\java\git\com.rty.springboot\target\classes started by rty in H:\java\git\com.rty.springboot)
[main] 2020-11-22 13:52:04,117 com.rty.springboot.RTYSpringBootApplication[INFO]: No active profile set, falling back to default profiles: default
[main] 2020-11-22 13:52:05,007 org.springframework.boot.context.embedded.AnnotationConfigEmbeddedWebApplicationContext[INFO]: Refreshing org.springframework.boot.context.embedded.AnnotationConfigEmbeddedWebApplicationContext@105a0b8: startup date [Sun Nov 22 13:52:05 CST 2020]; root of context hierarchy
[background-preinit] 2020-11-22 13:52:07,304 org.hibernate.validator.internal.util.Version[INFO]: HV000001: Hibernate Validator 5.3.5.Final
[main] 2020-11-22 13:52:19,176 org.springframework.boot.context.embedded.tomcat.TomcatEmbeddedServletContainer[INFO]: Tomcat initialized with port(s): 8081 (http)
[main] 2020-11-22 13:52:19,276 org.apache.catalina.core.StandardService[INFO]: Starting service [Tomcat]
[main] 2020-11-22 13:52:19,279 org.apache.catalina.core.StandardEngine[INFO]: Starting Servlet Engine: Apache Tomcat/8.5.23
[localhost-startStop-1] 2020-11-22 13:52:19,854 org.apache.catalina.core.ContainerBase.[Tomcat].[localhost].[/][INFO]: Initializing Spring embedded WebApplicationContext
[localhost-startStop-1] 2020-11-22 13:52:19,855 org.springframework.web.context.ContextLoader[INFO]: Root WebApplicationContext: initialization completed in 14849 ms
[localhost-startStop-1] 2020-11-22 13:52:20,948 org.springframework.boot.web.servlet.ServletRegistrationBean[INFO]: Mapping servlet: 'dispatcherServlet' to [/]
[localhost-startStop-1] 2020-11-22 13:52:20,962 org.springframework.boot.web.servlet.FilterRegistrationBean[INFO]: Mapping filter: 'characterEncodingFilter' to: [/*]
[localhost-startStop-1] 2020-11-22 13:52:20,964 org.springframework.boot.web.servlet.FilterRegistrationBean[INFO]: Mapping filter: 'hiddenHttpMethodFilter' to: [/*]
[localhost-startStop-1] 2020-11-22 13:52:20,965 org.springframework.boot.web.servlet.FilterRegistrationBean[INFO]: Mapping filter: 'httpPutFormContentFilter' to: [/*]
[localhost-startStop-1] 2020-11-22 13:52:20,965 org.springframework.boot.web.servlet.FilterRegistrationBean[INFO]: Mapping filter: 'requestContextFilter' to: [/*]
[main] 2020-11-22 13:52:26,818 org.springframework.web.servlet.mvc.method.annotation.RequestMappingHandlerAdapter[INFO]: Looking for @ControllerAdvice: org.springframework.boot.context.embedded.AnnotationConfigEmbeddedWebApplicationContext@105a0b8: startup date [Sun Nov 22 13:52:05 CST 2020]; root of context hierarchy
[main] 2020-11-22 13:52:27,063 org.springframework.web.servlet.mvc.method.annotation.RequestMappingHandlerMapping[INFO]: Mapped "{[/{auth}/token],methods=[POST],produces=[application/json;charset=UTF-8]}" onto public com.rty.springboot.bean.result.ResponseResult com.rty.springboot.web.controller.AccessTokenController.AuthAccessToken(java.lang.String,java.util.Map<java.lang.String, java.lang.String>,javax.servlet.http.HttpServletRequest,javax.servlet.http.HttpServletResponse) throws java.io.IOException
[main] 2020-11-22 13:52:27,065 org.springframework.web.servlet.mvc.method.annotation.RequestMappingHandlerMapping[INFO]: Mapped "{[/verified/index/index]}" onto public com.rty.springboot.bean.result.ResultStatus com.rty.springboot.web.controller.IndexController.index()
[main] 2020-11-22 13:52:27,066 org.springframework.web.servlet.mvc.method.annotation.RequestMappingHandlerMapping[INFO]: Mapped "{[/login],methods=[GET]}" onto public java.lang.String com.rty.springboot.web.controller.LoginController.login()
[main] 2020-11-22 13:52:27,069 org.springframework.web.servlet.mvc.method.annotation.RequestMappingHandlerMapping[INFO]: Mapped "{[/user/getUsers],methods=[GET]}" onto public com.rty.springboot.bean.ResultInfo<?> com.rty.springboot.web.controller.UserController.getUsers(javax.servlet.http.HttpServletRequest)
[main] 2020-11-22 13:52:27,072 org.springframework.web.servlet.mvc.method.annotation.RequestMappingHandlerMapping[INFO]: Mapped "{[/user/download],methods=[GET]}" onto public com.rty.springboot.bean.ResultInfo<?> com.rty.springboot.web.controller.UserController.downLoad(javax.servlet.http.HttpServletRequest)
[main] 2020-11-22 13:52:27,074 org.springframework.web.servlet.mvc.method.annotation.RequestMappingHandlerMapping[INFO]: Mapped "{[/user/say],methods=[GET]}" onto public com.rty.springboot.bean.ResultInfo<?> com.rty.springboot.web.controller.UserController.helloWorld()
[main] 2020-11-22 13:52:27,075 org.springframework.web.servlet.mvc.method.annotation.RequestMappingHandlerMapping[INFO]: Mapped "{[/user/insertUser],methods=[GET]}" onto public com.rty.springboot.bean.result.ResponseResult com.rty.springboot.web.controller.UserController.insertUserInfo()
[main] 2020-11-22 13:52:27,079 org.springframework.web.servlet.mvc.method.annotation.RequestMappingHandlerMapping[INFO]: Mapped "{[/error]}" onto public org.springframework.http.ResponseEntity<java.util.Map<java.lang.String, java.lang.Object>> org.springframework.boot.autoconfigure.web.BasicErrorController.error(javax.servlet.http.HttpServletRequest)
[main] 2020-11-22 13:52:27,080 org.springframework.web.servlet.mvc.method.annotation.RequestMappingHandlerMapping[INFO]: Mapped "{[/error],produces=[text/html]}" onto public org.springframework.web.servlet.ModelAndView org.springframework.boot.autoconfigure.web.BasicErrorController.errorHtml(javax.servlet.http.HttpServletRequest,javax.servlet.http.HttpServletResponse)
[main] 2020-11-22 13:52:27,346 org.springframework.web.servlet.handler.SimpleUrlHandlerMapping[INFO]: Mapped URL path [/webjars/**] onto handler of type [class org.springframework.web.servlet.resource.ResourceHttpRequestHandler]
[main] 2020-11-22 13:52:27,346 org.springframework.web.servlet.handler.SimpleUrlHandlerMapping[INFO]: Mapped URL path [/**] onto handler of type [class org.springframework.web.servlet.resource.ResourceHttpRequestHandler]
[main] 2020-11-22 13:52:27,491 org.springframework.web.servlet.mvc.method.annotation.ExceptionHandlerExceptionResolver[INFO]: Detected @ExceptionHandler methods in globeHander
[main] 2020-11-22 13:52:27,614 org.springframework.web.servlet.handler.SimpleUrlHandlerMapping[INFO]: Mapped URL path [/**/favicon.ico] onto handler of type [class org.springframework.web.servlet.resource.ResourceHttpRequestHandler]
[main] 2020-11-22 13:52:29,496 org.springframework.jmx.export.annotation.AnnotationMBeanExporter[INFO]: Registering beans for JMX exposure on startup
[main] 2020-11-22 13:52:29,500 org.springframework.jmx.export.annotation.AnnotationMBeanExporter[INFO]: Bean with name 'readDB' has been autodetected for JMX exposure
[main] 2020-11-22 13:52:29,501 org.springframework.jmx.export.annotation.AnnotationMBeanExporter[INFO]: Bean with name 'writeDB' has been autodetected for JMX exposure
[main] 2020-11-22 13:52:29,524 org.springframework.jmx.export.annotation.AnnotationMBeanExporter[INFO]: Located MBean 'readDB': registering with JMX server as MBean [com.zaxxer.hikari:name=readDB,type=HikariDataSource]
[main] 2020-11-22 13:52:29,530 org.springframework.jmx.export.annotation.AnnotationMBeanExporter[INFO]: Located MBean 'writeDB': registering with JMX server as MBean [com.zaxxer.hikari:name=writeDB,type=HikariDataSource]
[main] 2020-11-22 13:52:29,586 org.springframework.scheduling.annotation.ScheduledAnnotationBeanPostProcessor[INFO]: No TaskScheduler/ScheduledExecutorService bean found for scheduled processing
[main] 2020-11-22 13:52:29,651 org.apache.coyote.http11.Http11NioProtocol[INFO]: Initializing ProtocolHandler ["http-nio-8081"]
[main] 2020-11-22 13:52:29,740 org.apache.coyote.http11.Http11NioProtocol[INFO]: Starting ProtocolHandler ["http-nio-8081"]
[main] 2020-11-22 13:52:29,852 org.apache.tomcat.util.net.NioSelectorPool[INFO]: Using a shared selector for servlet write/read
[main] 2020-11-22 13:52:30,004 org.springframework.boot.context.embedded.tomcat.TomcatEmbeddedServletContainer[INFO]: Tomcat started on port(s): 8081 (http)
[main] 2020-11-22 13:52:30,035 com.rty.springboot.RTYSpringBootApplication[INFO]: Started RTYSpringBootApplication in 28.846 seconds (JVM running for 42.271)
[main] 2020-11-22 14:13:59,858 com.rty.springboot.RTYSpringBootApplication[INFO]: Starting RTYSpringBootApplication on rty-PC with PID 11408 (H:\java\git\com.rty.springboot\target\classes started by rty in H:\java\git\com.rty.springboot)
[main] 2020-11-22 14:13:59,970 com.rty.springboot.RTYSpringBootApplication[INFO]: No active profile set, falling back to default profiles: default
[main] 2020-11-22 14:14:00,558 org.springframework.boot.context.embedded.AnnotationConfigEmbeddedWebApplicationContext[INFO]: Refreshing org.springframework.boot.context.embedded.AnnotationConfigEmbeddedWebApplicationContext@ece7f4: startup date [Sun Nov 22 14:14:00 CST 2020]; root of context hierarchy
[background-preinit] 2020-11-22 14:14:03,970 org.hibernate.validator.internal.util.Version[INFO]: HV000001: Hibernate Validator 5.3.5.Final
[main] 2020-11-22 14:14:18,365 org.springframework.boot.context.embedded.tomcat.TomcatEmbeddedServletContainer[INFO]: Tomcat initialized with port(s): 8081 (http)
[main] 2020-11-22 14:14:18,467 org.apache.catalina.core.StandardService[INFO]: Starting service [Tomcat]
[main] 2020-11-22 14:14:18,473 org.apache.catalina.core.StandardEngine[INFO]: Starting Servlet Engine: Apache Tomcat/8.5.23
[localhost-startStop-1] 2020-11-22 14:14:19,525 org.apache.catalina.core.ContainerBase.[Tomcat].[localhost].[/][INFO]: Initializing Spring embedded WebApplicationContext
[localhost-startStop-1] 2020-11-22 14:14:19,526 org.springframework.web.context.ContextLoader[INFO]: Root WebApplicationContext: initialization completed in 18967 ms
[localhost-startStop-1] 2020-11-22 14:14:20,498 org.springframework.boot.web.servlet.ServletRegistrationBean[INFO]: Mapping servlet: 'dispatcherServlet' to [/]
[localhost-startStop-1] 2020-11-22 14:14:20,508 org.springframework.boot.web.servlet.FilterRegistrationBean[INFO]: Mapping filter: 'characterEncodingFilter' to: [/*]
[localhost-startStop-1] 2020-11-22 14:14:20,510 org.springframework.boot.web.servlet.FilterRegistrationBean[INFO]: Mapping filter: 'hiddenHttpMethodFilter' to: [/*]
[localhost-startStop-1] 2020-11-22 14:14:20,510 org.springframework.boot.web.servlet.FilterRegistrationBean[INFO]: Mapping filter: 'httpPutFormContentFilter' to: [/*]
[localhost-startStop-1] 2020-11-22 14:14:20,510 org.springframework.boot.web.servlet.FilterRegistrationBean[INFO]: Mapping filter: 'requestContextFilter' to: [/*]
[main] 2020-11-22 14:14:34,684 org.springframework.web.servlet.mvc.method.annotation.RequestMappingHandlerAdapter[INFO]: Looking for @ControllerAdvice: org.springframework.boot.context.embedded.AnnotationConfigEmbeddedWebApplicationContext@ece7f4: startup date [Sun Nov 22 14:14:00 CST 2020]; root of context hierarchy
[main] 2020-11-22 14:14:35,704 org.springframework.web.servlet.mvc.method.annotation.RequestMappingHandlerMapping[INFO]: Mapped "{[/{auth}/token],methods=[POST],produces=[application/json;charset=UTF-8]}" onto public com.rty.springboot.bean.result.ResponseResult com.rty.springboot.web.controller.AccessTokenController.AuthAccessToken(java.lang.String,java.util.Map<java.lang.String, java.lang.String>,javax.servlet.http.HttpServletRequest,javax.servlet.http.HttpServletResponse) throws java.io.IOException
[main] 2020-11-22 14:14:35,710 org.springframework.web.servlet.mvc.method.annotation.RequestMappingHandlerMapping[INFO]: Mapped "{[/verified/index/index]}" onto public com.rty.springboot.bean.result.ResultStatus com.rty.springboot.web.controller.IndexController.index()
[main] 2020-11-22 14:14:35,712 org.springframework.web.servlet.mvc.method.annotation.RequestMappingHandlerMapping[INFO]: Mapped "{[/login],methods=[GET]}" onto public java.lang.String com.rty.springboot.web.controller.LoginController.login()
[main] 2020-11-22 14:14:35,718 org.springframework.web.servlet.mvc.method.annotation.RequestMappingHandlerMapping[INFO]: Mapped "{[/user/getUsers],methods=[GET]}" onto public com.rty.springboot.bean.ResultInfo<?> com.rty.springboot.web.controller.UserController.getUsers(javax.servlet.http.HttpServletRequest)
[main] 2020-11-22 14:14:35,727 org.springframework.web.servlet.mvc.method.annotation.RequestMappingHandlerMapping[INFO]: Mapped "{[/user/download],methods=[GET]}" onto public com.rty.springboot.bean.ResultInfo<?> com.rty.springboot.web.controller.UserController.downLoad(javax.servlet.http.HttpServletRequest)
[main] 2020-11-22 14:14:35,730 org.springframework.web.servlet.mvc.method.annotation.RequestMappingHandlerMapping[INFO]: Mapped "{[/user/say],methods=[GET]}" onto public com.rty.springboot.bean.ResultInfo<?> com.rty.springboot.web.controller.UserController.helloWorld()
[main] 2020-11-22 14:14:35,732 org.springframework.web.servlet.mvc.method.annotation.RequestMappingHandlerMapping[INFO]: Mapped "{[/user/insertUser],methods=[GET]}" onto public com.rty.springboot.bean.result.ResponseResult com.rty.springboot.web.controller.UserController.insertUserInfo()
[main] 2020-11-22 14:14:35,759 org.springframework.web.servlet.mvc.method.annotation.RequestMappingHandlerMapping[INFO]: Mapped "{[/error]}" onto public org.springframework.http.ResponseEntity<java.util.Map<java.lang.String, java.lang.Object>> org.springframework.boot.autoconfigure.web.BasicErrorController.error(javax.servlet.http.HttpServletRequest)
[main] 2020-11-22 14:14:35,761 org.springframework.web.servlet.mvc.method.annotation.RequestMappingHandlerMapping[INFO]: Mapped "{[/error],produces=[text/html]}" onto public org.springframework.web.servlet.ModelAndView org.springframework.boot.autoconfigure.web.BasicErrorController.errorHtml(javax.servlet.http.HttpServletRequest,javax.servlet.http.HttpServletResponse)
[main] 2020-11-22 14:14:36,181 org.springframework.web.servlet.handler.SimpleUrlHandlerMapping[INFO]: Mapped URL path [/webjars/**] onto handler of type [class org.springframework.web.servlet.resource.ResourceHttpRequestHandler]
[main] 2020-11-22 14:14:36,181 org.springframework.web.servlet.handler.SimpleUrlHandlerMapping[INFO]: Mapped URL path [/**] onto handler of type [class org.springframework.web.servlet.resource.ResourceHttpRequestHandler]
[main] 2020-11-22 14:14:36,283 org.springframework.web.servlet.mvc.method.annotation.ExceptionHandlerExceptionResolver[INFO]: Detected @ExceptionHandler methods in globeHander
[main] 2020-11-22 14:14:36,552 org.springframework.web.servlet.handler.SimpleUrlHandlerMapping[INFO]: Mapped URL path [/**/favicon.ico] onto handler of type [class org.springframework.web.servlet.resource.ResourceHttpRequestHandler]
[main] 2020-11-22 14:14:38,941 org.springframework.jmx.export.annotation.AnnotationMBeanExporter[INFO]: Registering beans for JMX exposure on startup
[main] 2020-11-22 14:14:38,943 org.springframework.jmx.export.annotation.AnnotationMBeanExporter[INFO]: Bean with name 'readDB' has been autodetected for JMX exposure
[main] 2020-11-22 14:14:38,943 org.springframework.jmx.export.annotation.AnnotationMBeanExporter[INFO]: Bean with name 'writeDB' has been autodetected for JMX exposure
[main] 2020-11-22 14:14:38,960 org.springframework.jmx.export.annotation.AnnotationMBeanExporter[INFO]: Located MBean 'readDB': registering with JMX server as MBean [com.zaxxer.hikari:name=readDB,type=HikariDataSource]
[main] 2020-11-22 14:14:38,963 org.springframework.jmx.export.annotation.AnnotationMBeanExporter[INFO]: Located MBean 'writeDB': registering with JMX server as MBean [com.zaxxer.hikari:name=writeDB,type=HikariDataSource]
[main] 2020-11-22 14:14:38,993 org.springframework.scheduling.annotation.ScheduledAnnotationBeanPostProcessor[INFO]: No TaskScheduler/ScheduledExecutorService bean found for scheduled processing
[main] 2020-11-22 14:14:39,086 org.apache.coyote.http11.Http11NioProtocol[INFO]: Initializing ProtocolHandler ["http-nio-8081"]
[main] 2020-11-22 14:14:39,153 org.apache.coyote.http11.Http11NioProtocol[INFO]: Starting ProtocolHandler ["http-nio-8081"]
[main] 2020-11-22 14:14:39,233 org.apache.tomcat.util.net.NioSelectorPool[INFO]: Using a shared selector for servlet write/read
[main] 2020-11-22 14:14:39,341 org.springframework.boot.context.embedded.tomcat.TomcatEmbeddedServletContainer[INFO]: Tomcat started on port(s): 8081 (http)
[main] 2020-11-22 14:14:39,369 com.rty.springboot.RTYSpringBootApplication[INFO]: Started RTYSpringBootApplication in 42.521 seconds (JVM running for 46.916)
[http-nio-8081-exec-3] 2020-11-22 14:14:48,854 org.apache.catalina.core.ContainerBase.[Tomcat].[localhost].[/][INFO]: Initializing Spring FrameworkServlet 'dispatcherServlet'
[http-nio-8081-exec-3] 2020-11-22 14:14:48,854 org.springframework.web.servlet.DispatcherServlet[INFO]: FrameworkServlet 'dispatcherServlet': initialization started
[http-nio-8081-exec-3] 2020-11-22 14:14:49,145 org.springframework.web.servlet.DispatcherServlet[INFO]: FrameworkServlet 'dispatcherServlet': initialization completed in 290 ms
[http-nio-8081-exec-3] 2020-11-22 14:14:49,696 com.rty.springboot.web.controller.UserController[INFO]: get user
[http-nio-8081-exec-3] 2020-11-22 14:14:50,308 com.rty.springboot.common.config.datasource.DBContextHolder[INFO]: its aready slave db
[http-nio-8081-exec-3] 2020-11-22 14:14:50,354 com.rty.springboot.web.service.impl.UserServiceImpl[INFO]: from db get user
[http-nio-8081-exec-3] 2020-11-22 14:14:50,764 com.zaxxer.hikari.HikariDataSource[INFO]: HikariPool-1 - Started.
[main] 2020-11-22 14:15:46,516 com.rty.springboot.RTYSpringBootApplication[INFO]: Starting RTYSpringBootApplication on rty-PC with PID 10544 (H:\java\git\com.rty.springboot\target\classes started by rty in H:\java\git\com.rty.springboot)
[main] 2020-11-22 14:15:46,527 com.rty.springboot.RTYSpringBootApplication[INFO]: No active profile set, falling back to default profiles: default
[main] 2020-11-22 14:15:46,807 org.springframework.boot.context.embedded.AnnotationConfigEmbeddedWebApplicationContext[INFO]: Refreshing org.springframework.boot.context.embedded.AnnotationConfigEmbeddedWebApplicationContext@1bf5add: startup date [Sun Nov 22 14:15:46 CST 2020]; root of context hierarchy
[background-preinit] 2020-11-22 14:15:49,586 org.hibernate.validator.internal.util.Version[INFO]: HV000001: Hibernate Validator 5.3.5.Final
[main] 2020-11-22 14:15:57,699 org.springframework.boot.context.embedded.tomcat.TomcatEmbeddedServletContainer[INFO]: Tomcat initialized with port(s): 8081 (http)
[main] 2020-11-22 14:15:57,793 org.apache.catalina.core.StandardService[INFO]: Starting service [Tomcat]
[main] 2020-11-22 14:15:57,796 org.apache.catalina.core.StandardEngine[INFO]: Starting Servlet Engine: Apache Tomcat/8.5.23
[localhost-startStop-1] 2020-11-22 14:15:58,571 org.apache.catalina.core.ContainerBase.[Tomcat].[localhost].[/][INFO]: Initializing Spring embedded WebApplicationContext
[localhost-startStop-1] 2020-11-22 14:15:58,572 org.springframework.web.context.ContextLoader[INFO]: Root WebApplicationContext: initialization completed in 11765 ms
[localhost-startStop-1] 2020-11-22 14:15:59,438 org.springframework.boot.web.servlet.ServletRegistrationBean[INFO]: Mapping servlet: 'dispatcherServlet' to [/]
[localhost-startStop-1] 2020-11-22 14:15:59,451 org.springframework.boot.web.servlet.FilterRegistrationBean[INFO]: Mapping filter: 'characterEncodingFilter' to: [/*]
[localhost-startStop-1] 2020-11-22 14:15:59,453 org.springframework.boot.web.servlet.FilterRegistrationBean[INFO]: Mapping filter: 'hiddenHttpMethodFilter' to: [/*]
[localhost-startStop-1] 2020-11-22 14:15:59,453 org.springframework.boot.web.servlet.FilterRegistrationBean[INFO]: Mapping filter: 'httpPutFormContentFilter' to: [/*]
[localhost-startStop-1] 2020-11-22 14:15:59,453 org.springframework.boot.web.servlet.FilterRegistrationBean[INFO]: Mapping filter: 'requestContextFilter' to: [/*]
[main] 2020-11-22 14:16:02,512 org.springframework.web.servlet.mvc.method.annotation.RequestMappingHandlerAdapter[INFO]: Looking for @ControllerAdvice: org.springframework.boot.context.embedded.AnnotationConfigEmbeddedWebApplicationContext@1bf5add: startup date [Sun Nov 22 14:15:46 CST 2020]; root of context hierarchy
[main] 2020-11-22 14:16:02,767 org.springframework.web.servlet.mvc.method.annotation.RequestMappingHandlerMapping[INFO]: Mapped "{[/{auth}/token],methods=[POST],produces=[application/json;charset=UTF-8]}" onto public com.rty.springboot.bean.result.ResponseResult com.rty.springboot.web.controller.AccessTokenController.AuthAccessToken(java.lang.String,java.util.Map<java.lang.String, java.lang.String>,javax.servlet.http.HttpServletRequest,javax.servlet.http.HttpServletResponse) throws java.io.IOException
[main] 2020-11-22 14:16:02,769 org.springframework.web.servlet.mvc.method.annotation.RequestMappingHandlerMapping[INFO]: Mapped "{[/verified/index/index]}" onto public com.rty.springboot.bean.result.ResultStatus com.rty.springboot.web.controller.IndexController.index()
[main] 2020-11-22 14:16:02,770 org.springframework.web.servlet.mvc.method.annotation.RequestMappingHandlerMapping[INFO]: Mapped "{[/login],methods=[GET]}" onto public java.lang.String com.rty.springboot.web.controller.LoginController.login()
[main] 2020-11-22 14:16:02,773 org.springframework.web.servlet.mvc.method.annotation.RequestMappingHandlerMapping[INFO]: Mapped "{[/user/say],methods=[GET]}" onto public com.rty.springboot.bean.ResultInfo<?> com.rty.springboot.web.controller.UserController.helloWorld()
[main] 2020-11-22 14:16:02,777 org.springframework.web.servlet.mvc.method.annotation.RequestMappingHandlerMapping[INFO]: Mapped "{[/user/insertUser],methods=[GET]}" onto public com.rty.springboot.bean.result.ResponseResult com.rty.springboot.web.controller.UserController.insertUserInfo()
[main] 2020-11-22 14:16:02,778 org.springframework.web.servlet.mvc.method.annotation.RequestMappingHandlerMapping[INFO]: Mapped "{[/user/getUsers],methods=[GET]}" onto public com.rty.springboot.bean.ResultInfo<?> com.rty.springboot.web.controller.UserController.getUsers(javax.servlet.http.HttpServletRequest)
[main] 2020-11-22 14:16:02,779 org.springframework.web.servlet.mvc.method.annotation.RequestMappingHandlerMapping[INFO]: Mapped "{[/user/download],methods=[GET]}" onto public com.rty.springboot.bean.ResultInfo<?> com.rty.springboot.web.controller.UserController.downLoad(javax.servlet.http.HttpServletRequest)
[main] 2020-11-22 14:16:02,784 org.springframework.web.servlet.mvc.method.annotation.RequestMappingHandlerMapping[INFO]: Mapped "{[/error]}" onto public org.springframework.http.ResponseEntity<java.util.Map<java.lang.String, java.lang.Object>> org.springframework.boot.autoconfigure.web.BasicErrorController.error(javax.servlet.http.HttpServletRequest)
[main] 2020-11-22 14:16:02,785 org.springframework.web.servlet.mvc.method.annotation.RequestMappingHandlerMapping[INFO]: Mapped "{[/error],produces=[text/html]}" onto public org.springframework.web.servlet.ModelAndView org.springframework.boot.autoconfigure.web.BasicErrorController.errorHtml(javax.servlet.http.HttpServletRequest,javax.servlet.http.HttpServletResponse)
[main] 2020-11-22 14:16:02,984 org.springframework.web.servlet.handler.SimpleUrlHandlerMapping[INFO]: Mapped URL path [/webjars/**] onto handler of type [class org.springframework.web.servlet.resource.ResourceHttpRequestHandler]
[main] 2020-11-22 14:16:02,984 org.springframework.web.servlet.handler.SimpleUrlHandlerMapping[INFO]: Mapped URL path [/**] onto handler of type [class org.springframework.web.servlet.resource.ResourceHttpRequestHandler]
[main] 2020-11-22 14:16:03,036 org.springframework.web.servlet.mvc.method.annotation.ExceptionHandlerExceptionResolver[INFO]: Detected @ExceptionHandler methods in globeHander
[main] 2020-11-22 14:16:03,120 org.springframework.web.servlet.handler.SimpleUrlHandlerMapping[INFO]: Mapped URL path [/**/favicon.ico] onto handler of type [class org.springframework.web.servlet.resource.ResourceHttpRequestHandler]
[main] 2020-11-22 14:16:03,972 org.springframework.jmx.export.annotation.AnnotationMBeanExporter[INFO]: Registering beans for JMX exposure on startup
[main] 2020-11-22 14:16:03,974 org.springframework.jmx.export.annotation.AnnotationMBeanExporter[INFO]: Bean with name 'readDB' has been autodetected for JMX exposure
[main] 2020-11-22 14:16:03,974 org.springframework.jmx.export.annotation.AnnotationMBeanExporter[INFO]: Bean with name 'writeDB' has been autodetected for JMX exposure
[main] 2020-11-22 14:16:03,983 org.springframework.jmx.export.annotation.AnnotationMBeanExporter[INFO]: Located MBean 'readDB': registering with JMX server as MBean [com.zaxxer.hikari:name=readDB,type=HikariDataSource]
[main] 2020-11-22 14:16:03,985 org.springframework.jmx.export.annotation.AnnotationMBeanExporter[INFO]: Located MBean 'writeDB': registering with JMX server as MBean [com.zaxxer.hikari:name=writeDB,type=HikariDataSource]
[main] 2020-11-22 14:16:03,998 org.springframework.scheduling.annotation.ScheduledAnnotationBeanPostProcessor[INFO]: No TaskScheduler/ScheduledExecutorService bean found for scheduled processing
[main] 2020-11-22 14:16:04,018 org.apache.coyote.http11.Http11NioProtocol[INFO]: Initializing ProtocolHandler ["http-nio-8081"]
[main] 2020-11-22 14:16:04,050 org.apache.coyote.http11.Http11NioProtocol[INFO]: Starting ProtocolHandler ["http-nio-8081"]
[main] 2020-11-22 14:16:04,078 org.apache.tomcat.util.net.NioSelectorPool[INFO]: Using a shared selector for servlet write/read
[main] 2020-11-22 14:16:04,117 org.springframework.boot.context.embedded.tomcat.TomcatEmbeddedServletContainer[INFO]: Tomcat started on port(s): 8081 (http)
[main] 2020-11-22 14:16:04,123 com.rty.springboot.RTYSpringBootApplication[INFO]: Started RTYSpringBootApplication in 19.685 seconds (JVM running for 27.882)
[main] 2020-11-22 14:22:33,666 com.rty.springboot.RTYSpringBootApplication[INFO]: Starting RTYSpringBootApplication on rty-PC with PID 1808 (H:\java\git\com.rty.springboot\target\classes started by rty in H:\java\git\com.rty.springboot)
[main] 2020-11-22 14:22:33,673 com.rty.springboot.RTYSpringBootApplication[INFO]: No active profile set, falling back to default profiles: default
[main] 2020-11-22 14:22:33,906 org.springframework.boot.context.embedded.AnnotationConfigEmbeddedWebApplicationContext[INFO]: Refreshing org.springframework.boot.context.embedded.AnnotationConfigEmbeddedWebApplicationContext@ece7f4: startup date [Sun Nov 22 14:22:33 CST 2020]; root of context hierarchy
[background-preinit] 2020-11-22 14:22:34,247 org.hibernate.validator.internal.util.Version[INFO]: HV000001: Hibernate Validator 5.3.5.Final
[main] 2020-11-22 14:22:39,805 org.springframework.boot.context.embedded.tomcat.TomcatEmbeddedServletContainer[INFO]: Tomcat initialized with port(s): 8081 (http)
[main] 2020-11-22 14:22:39,866 org.apache.catalina.core.StandardService[INFO]: Starting service [Tomcat]
[main] 2020-11-22 14:22:39,870 org.apache.catalina.core.StandardEngine[INFO]: Starting Servlet Engine: Apache Tomcat/8.5.23
[localhost-startStop-1] 2020-11-22 14:22:40,432 org.apache.catalina.core.ContainerBase.[Tomcat].[localhost].[/][INFO]: Initializing Spring embedded WebApplicationContext
[localhost-startStop-1] 2020-11-22 14:22:40,433 org.springframework.web.context.ContextLoader[INFO]: Root WebApplicationContext: initialization completed in 6528 ms
[localhost-startStop-1] 2020-11-22 14:22:41,159 org.springframework.boot.web.servlet.ServletRegistrationBean[INFO]: Mapping servlet: 'dispatcherServlet' to [/]
[localhost-startStop-1] 2020-11-22 14:22:41,170 org.springframework.boot.web.servlet.FilterRegistrationBean[INFO]: Mapping filter: 'characterEncodingFilter' to: [/*]
[localhost-startStop-1] 2020-11-22 14:22:41,171 org.springframework.boot.web.servlet.FilterRegistrationBean[INFO]: Mapping filter: 'hiddenHttpMethodFilter' to: [/*]
[localhost-startStop-1] 2020-11-22 14:22:41,171 org.springframework.boot.web.servlet.FilterRegistrationBean[INFO]: Mapping filter: 'httpPutFormContentFilter' to: [/*]
[localhost-startStop-1] 2020-11-22 14:22:41,171 org.springframework.boot.web.servlet.FilterRegistrationBean[INFO]: Mapping filter: 'requestContextFilter' to: [/*]
[main] 2020-11-22 14:22:43,704 org.springframework.web.servlet.mvc.method.annotation.RequestMappingHandlerAdapter[INFO]: Looking for @ControllerAdvice: org.springframework.boot.context.embedded.AnnotationConfigEmbeddedWebApplicationContext@ece7f4: startup date [Sun Nov 22 14:22:33 CST 2020]; root of context hierarchy
[main] 2020-11-22 14:22:43,840 org.springframework.web.servlet.mvc.method.annotation.RequestMappingHandlerMapping[INFO]: Mapped "{[/{auth}/token],methods=[POST],produces=[application/json;charset=UTF-8]}" onto public com.rty.springboot.bean.result.ResponseResult com.rty.springboot.web.controller.AccessTokenController.AuthAccessToken(java.lang.String,java.util.Map<java.lang.String, java.lang.String>,javax.servlet.http.HttpServletRequest,javax.servlet.http.HttpServletResponse) throws java.io.IOException
[main] 2020-11-22 14:22:43,842 org.springframework.web.servlet.mvc.method.annotation.RequestMappingHandlerMapping[INFO]: Mapped "{[/verified/index/index]}" onto public com.rty.springboot.bean.result.ResultStatus com.rty.springboot.web.controller.IndexController.index()
[main] 2020-11-22 14:22:43,842 org.springframework.web.servlet.mvc.method.annotation.RequestMappingHandlerMapping[INFO]: Mapped "{[/login],methods=[GET]}" onto public java.lang.String com.rty.springboot.web.controller.LoginController.login()
[main] 2020-11-22 14:22:43,844 org.springframework.web.servlet.mvc.method.annotation.RequestMappingHandlerMapping[INFO]: Mapped "{[/user/getUsers],methods=[GET]}" onto public com.rty.springboot.bean.ResultInfo<?> com.rty.springboot.web.controller.UserController.getUsers(javax.servlet.http.HttpServletRequest)
[main] 2020-11-22 14:22:43,847 org.springframework.web.servlet.mvc.method.annotation.RequestMappingHandlerMapping[INFO]: Mapped "{[/user/download],methods=[GET]}" onto public com.rty.springboot.bean.ResultInfo<?> com.rty.springboot.web.controller.UserController.downLoad(javax.servlet.http.HttpServletRequest)
[main] 2020-11-22 14:22:43,847 org.springframework.web.servlet.mvc.method.annotation.RequestMappingHandlerMapping[INFO]: Mapped "{[/user/say],methods=[GET]}" onto public com.rty.springboot.bean.ResultInfo<?> com.rty.springboot.web.controller.UserController.helloWorld()
[main] 2020-11-22 14:22:43,848 org.springframework.web.servlet.mvc.method.annotation.RequestMappingHandlerMapping[INFO]: Mapped "{[/user/insertUser],methods=[GET]}" onto public com.rty.springboot.bean.result.ResponseResult com.rty.springboot.web.controller.UserController.insertUserInfo()
[main] 2020-11-22 14:22:43,851 org.springframework.web.servlet.mvc.method.annotation.RequestMappingHandlerMapping[INFO]: Mapped "{[/error]}" onto public org.springframework.http.ResponseEntity<java.util.Map<java.lang.String, java.lang.Object>> org.springframework.boot.autoconfigure.web.BasicErrorController.error(javax.servlet.http.HttpServletRequest)
[main] 2020-11-22 14:22:43,852 org.springframework.web.servlet.mvc.method.annotation.RequestMappingHandlerMapping[INFO]: Mapped "{[/error],produces=[text/html]}" onto public org.springframework.web.servlet.ModelAndView org.springframework.boot.autoconfigure.web.BasicErrorController.errorHtml(javax.servlet.http.HttpServletRequest,javax.servlet.http.HttpServletResponse)
[main] 2020-11-22 14:22:43,972 org.springframework.web.servlet.handler.SimpleUrlHandlerMapping[INFO]: Mapped URL path [/webjars/**] onto handler of type [class org.springframework.web.servlet.resource.ResourceHttpRequestHandler]
[main] 2020-11-22 14:22:43,972 org.springframework.web.servlet.handler.SimpleUrlHandlerMapping[INFO]: Mapped URL path [/**] onto handler of type [class org.springframework.web.servlet.resource.ResourceHttpRequestHandler]
[main] 2020-11-22 14:22:44,013 org.springframework.web.servlet.mvc.method.annotation.ExceptionHandlerExceptionResolver[INFO]: Detected @ExceptionHandler methods in globeHander
[main] 2020-11-22 14:22:44,082 org.springframework.web.servlet.handler.SimpleUrlHandlerMapping[INFO]: Mapped URL path [/**/favicon.ico] onto handler of type [class org.springframework.web.servlet.resource.ResourceHttpRequestHandler]
[main] 2020-11-22 14:22:44,926 org.springframework.jmx.export.annotation.AnnotationMBeanExporter[INFO]: Registering beans for JMX exposure on startup
[main] 2020-11-22 14:22:44,927 org.springframework.jmx.export.annotation.AnnotationMBeanExporter[INFO]: Bean with name 'readDB' has been autodetected for JMX exposure
[main] 2020-11-22 14:22:44,927 org.springframework.jmx.export.annotation.AnnotationMBeanExporter[INFO]: Bean with name 'writeDB' has been autodetected for JMX exposure
[main] 2020-11-22 14:22:44,936 org.springframework.jmx.export.annotation.AnnotationMBeanExporter[INFO]: Located MBean 'readDB': registering with JMX server as MBean [com.zaxxer.hikari:name=readDB,type=HikariDataSource]
[main] 2020-11-22 14:22:44,938 org.springframework.jmx.export.annotation.AnnotationMBeanExporter[INFO]: Located MBean 'writeDB': registering with JMX server as MBean [com.zaxxer.hikari:name=writeDB,type=HikariDataSource]
[main] 2020-11-22 14:22:44,948 org.springframework.scheduling.annotation.ScheduledAnnotationBeanPostProcessor[INFO]: No TaskScheduler/ScheduledExecutorService bean found for scheduled processing
[main] 2020-11-22 14:22:44,968 org.apache.coyote.http11.Http11NioProtocol[INFO]: Initializing ProtocolHandler ["http-nio-8081"]
[main] 2020-11-22 14:22:44,986 org.apache.coyote.http11.Http11NioProtocol[INFO]: Starting ProtocolHandler ["http-nio-8081"]
[main] 2020-11-22 14:22:45,017 org.apache.tomcat.util.net.NioSelectorPool[INFO]: Using a shared selector for servlet write/read
[main] 2020-11-22 14:22:45,065 org.springframework.boot.context.embedded.tomcat.TomcatEmbeddedServletContainer[INFO]: Tomcat started on port(s): 8081 (http)
[main] 2020-11-22 14:22:45,071 com.rty.springboot.RTYSpringBootApplication[INFO]: Started RTYSpringBootApplication in 12.144 seconds (JVM running for 13.542)
[http-nio-8081-exec-1] 2020-11-22 14:23:34,523 org.apache.catalina.core.ContainerBase.[Tomcat].[localhost].[/][INFO]: Initializing Spring FrameworkServlet 'dispatcherServlet'
[http-nio-8081-exec-1] 2020-11-22 14:23:34,524 org.springframework.web.servlet.DispatcherServlet[INFO]: FrameworkServlet 'dispatcherServlet': initialization started
[http-nio-8081-exec-1] 2020-11-22 14:23:34,777 org.springframework.web.servlet.DispatcherServlet[INFO]: FrameworkServlet 'dispatcherServlet': initialization completed in 251 ms
[http-nio-8081-exec-1] 2020-11-22 14:23:35,027 com.rty.springboot.web.controller.UserController[INFO]: get user
[http-nio-8081-exec-1] 2020-11-22 14:23:35,191 com.rty.springboot.common.config.datasource.DBContextHolder[INFO]: its aready slave db
[http-nio-8081-exec-1] 2020-11-22 14:23:35,216 com.rty.springboot.web.service.impl.UserServiceImpl[INFO]: from db get user
[http-nio-8081-exec-1] 2020-11-22 14:23:35,319 com.zaxxer.hikari.HikariDataSource[INFO]: HikariPool-1 - Started.
[main] 2020-11-22 14:26:24,791 com.rty.springboot.RTYSpringBootApplication[INFO]: Starting RTYSpringBootApplication on rty-PC with PID 8480 (H:\java\git\com.rty.springboot\target\classes started by rty in H:\java\git\com.rty.springboot)
[main] 2020-11-22 14:26:24,798 com.rty.springboot.RTYSpringBootApplication[INFO]: No active profile set, falling back to default profiles: default
[main] 2020-11-22 14:26:24,938 org.springframework.boot.context.embedded.AnnotationConfigEmbeddedWebApplicationContext[INFO]: Refreshing org.springframework.boot.context.embedded.AnnotationConfigEmbeddedWebApplicationContext@a18a14: startup date [Sun Nov 22 14:26:24 CST 2020]; root of context hierarchy
[background-preinit] 2020-11-22 14:26:25,420 org.hibernate.validator.internal.util.Version[INFO]: HV000001: Hibernate Validator 5.3.5.Final
[main] 2020-11-22 14:26:30,987 org.springframework.boot.context.embedded.tomcat.TomcatEmbeddedServletContainer[INFO]: Tomcat initialized with port(s): 8081 (http)
[main] 2020-11-22 14:26:31,021 org.apache.catalina.core.StandardService[INFO]: Starting service [Tomcat]
[main] 2020-11-22 14:26:31,023 org.apache.catalina.core.StandardEngine[INFO]: Starting Servlet Engine: Apache Tomcat/8.5.23
[localhost-startStop-1] 2020-11-22 14:26:31,401 org.apache.catalina.core.ContainerBase.[Tomcat].[localhost].[/][INFO]: Initializing Spring embedded WebApplicationContext
[localhost-startStop-1] 2020-11-22 14:26:31,402 org.springframework.web.context.ContextLoader[INFO]: Root WebApplicationContext: initialization completed in 6464 ms
[localhost-startStop-1] 2020-11-22 14:26:32,084 org.springframework.boot.web.servlet.ServletRegistrationBean[INFO]: Mapping servlet: 'dispatcherServlet' to [/]
[localhost-startStop-1] 2020-11-22 14:26:32,095 org.springframework.boot.web.servlet.FilterRegistrationBean[INFO]: Mapping filter: 'characterEncodingFilter' to: [/*]
[localhost-startStop-1] 2020-11-22 14:26:32,096 org.springframework.boot.web.servlet.FilterRegistrationBean[INFO]: Mapping filter: 'hiddenHttpMethodFilter' to: [/*]
[localhost-startStop-1] 2020-11-22 14:26:32,096 org.springframework.boot.web.servlet.FilterRegistrationBean[INFO]: Mapping filter: 'httpPutFormContentFilter' to: [/*]
[localhost-startStop-1] 2020-11-22 14:26:32,096 org.springframework.boot.web.servlet.FilterRegistrationBean[INFO]: Mapping filter: 'requestContextFilter' to: [/*]
[main] 2020-11-22 14:26:34,625 org.springframework.web.servlet.mvc.method.annotation.RequestMappingHandlerAdapter[INFO]: Looking for @ControllerAdvice: org.springframework.boot.context.embedded.AnnotationConfigEmbeddedWebApplicationContext@a18a14: startup date [Sun Nov 22 14:26:24 CST 2020]; root of context hierarchy
[main] 2020-11-22 14:26:34,785 org.springframework.web.servlet.mvc.method.annotation.RequestMappingHandlerMapping[INFO]: Mapped "{[/{auth}/token],methods=[POST],produces=[application/json;charset=UTF-8]}" onto public com.rty.springboot.bean.result.ResponseResult com.rty.springboot.web.controller.AccessTokenController.AuthAccessToken(java.lang.String,java.util.Map<java.lang.String, java.lang.String>,javax.servlet.http.HttpServletRequest,javax.servlet.http.HttpServletResponse) throws java.io.IOException
[main] 2020-11-22 14:26:34,787 org.springframework.web.servlet.mvc.method.annotation.RequestMappingHandlerMapping[INFO]: Mapped "{[/verified/index/index]}" onto public com.rty.springboot.bean.result.ResultStatus com.rty.springboot.web.controller.IndexController.index()
[main] 2020-11-22 14:26:34,788 org.springframework.web.servlet.mvc.method.annotation.RequestMappingHandlerMapping[INFO]: Mapped "{[/login],methods=[GET]}" onto public java.lang.String com.rty.springboot.web.controller.LoginController.login()
[main] 2020-11-22 14:26:34,790 org.springframework.web.servlet.mvc.method.annotation.RequestMappingHandlerMapping[INFO]: Mapped "{[/user/say],methods=[GET]}" onto public com.rty.springboot.bean.ResultInfo<?> com.rty.springboot.web.controller.UserController.helloWorld()
[main] 2020-11-22 14:26:34,793 org.springframework.web.servlet.mvc.method.annotation.RequestMappingHandlerMapping[INFO]: Mapped "{[/user/insertUser],methods=[GET]}" onto public com.rty.springboot.bean.result.ResponseResult com.rty.springboot.web.controller.UserController.insertUserInfo()
[main] 2020-11-22 14:26:34,794 org.springframework.web.servlet.mvc.method.annotation.RequestMappingHandlerMapping[INFO]: Mapped "{[/user/getUsers],methods=[GET]}" onto public com.rty.springboot.bean.ResultInfo<?> com.rty.springboot.web.controller.UserController.getUsers(javax.servlet.http.HttpServletRequest)
[main] 2020-11-22 14:26:34,795 org.springframework.web.servlet.mvc.method.annotation.RequestMappingHandlerMapping[INFO]: Mapped "{[/user/download],methods=[GET]}" onto public com.rty.springboot.bean.ResultInfo<?> com.rty.springboot.web.controller.UserController.downLoad(javax.servlet.http.HttpServletRequest)
[main] 2020-11-22 14:26:34,799 org.springframework.web.servlet.mvc.method.annotation.RequestMappingHandlerMapping[INFO]: Mapped "{[/error]}" onto public org.springframework.http.ResponseEntity<java.util.Map<java.lang.String, java.lang.Object>> org.springframework.boot.autoconfigure.web.BasicErrorController.error(javax.servlet.http.HttpServletRequest)
[main] 2020-11-22 14:26:34,800 org.springframework.web.servlet.mvc.method.annotation.RequestMappingHandlerMapping[INFO]: Mapped "{[/error],produces=[text/html]}" onto public org.springframework.web.servlet.ModelAndView org.springframework.boot.autoconfigure.web.BasicErrorController.errorHtml(javax.servlet.http.HttpServletRequest,javax.servlet.http.HttpServletResponse)
[main] 2020-11-22 14:26:34,977 org.springframework.web.servlet.handler.SimpleUrlHandlerMapping[INFO]: Mapped URL path [/webjars/**] onto handler of type [class org.springframework.web.servlet.resource.ResourceHttpRequestHandler]
[main] 2020-11-22 14:26:34,977 org.springframework.web.servlet.handler.SimpleUrlHandlerMapping[INFO]: Mapped URL path [/**] onto handler of type [class org.springframework.web.servlet.resource.ResourceHttpRequestHandler]
[main] 2020-11-22 14:26:35,018 org.springframework.web.servlet.mvc.method.annotation.ExceptionHandlerExceptionResolver[INFO]: Detected @ExceptionHandler methods in globeHander
[main] 2020-11-22 14:26:35,085 org.springframework.web.servlet.handler.SimpleUrlHandlerMapping[INFO]: Mapped URL path [/**/favicon.ico] onto handler of type [class org.springframework.web.servlet.resource.ResourceHttpRequestHandler]
[main] 2020-11-22 14:26:36,088 org.springframework.jmx.export.annotation.AnnotationMBeanExporter[INFO]: Registering beans for JMX exposure on startup
[main] 2020-11-22 14:26:36,091 org.springframework.jmx.export.annotation.AnnotationMBeanExporter[INFO]: Bean with name 'readDB' has been autodetected for JMX exposure
[main] 2020-11-22 14:26:36,091 org.springframework.jmx.export.annotation.AnnotationMBeanExporter[INFO]: Bean with name 'writeDB' has been autodetected for JMX exposure
[main] 2020-11-22 14:26:36,109 org.springframework.jmx.export.annotation.AnnotationMBeanExporter[INFO]: Located MBean 'readDB': registering with JMX server as MBean [com.zaxxer.hikari:name=readDB,type=HikariDataSource]
[main] 2020-11-22 14:26:36,112 org.springframework.jmx.export.annotation.AnnotationMBeanExporter[INFO]: Located MBean 'writeDB': registering with JMX server as MBean [com.zaxxer.hikari:name=writeDB,type=HikariDataSource]
[main] 2020-11-22 14:26:36,129 org.springframework.scheduling.annotation.ScheduledAnnotationBeanPostProcessor[INFO]: No TaskScheduler/ScheduledExecutorService bean found for scheduled processing
[main] 2020-11-22 14:26:36,165 org.apache.coyote.http11.Http11NioProtocol[INFO]: Initializing ProtocolHandler ["http-nio-8081"]
[main] 2020-11-22 14:26:36,185 org.apache.coyote.http11.Http11NioProtocol[INFO]: Starting ProtocolHandler ["http-nio-8081"]
[main] 2020-11-22 14:26:36,220 org.apache.tomcat.util.net.NioSelectorPool[INFO]: Using a shared selector for servlet write/read
[main] 2020-11-22 14:26:36,258 org.springframework.boot.context.embedded.tomcat.TomcatEmbeddedServletContainer[INFO]: Tomcat started on port(s): 8081 (http)
[main] 2020-11-22 14:26:36,265 com.rty.springboot.RTYSpringBootApplication[INFO]: Started RTYSpringBootApplication in 12.178 seconds (JVM running for 13.471)
[http-nio-8081-exec-1] 2020-11-22 14:27:59,057 org.apache.catalina.core.ContainerBase.[Tomcat].[localhost].[/][INFO]: Initializing Spring FrameworkServlet 'dispatcherServlet'
[http-nio-8081-exec-1] 2020-11-22 14:27:59,057 org.springframework.web.servlet.DispatcherServlet[INFO]: FrameworkServlet 'dispatcherServlet': initialization started
[http-nio-8081-exec-1] 2020-11-22 14:27:59,120 org.springframework.web.servlet.DispatcherServlet[INFO]: FrameworkServlet 'dispatcherServlet': initialization completed in 63 ms
[http-nio-8081-exec-1] 2020-11-22 14:27:59,194 com.rty.springboot.web.controller.UserController[INFO]: get user
[http-nio-8081-exec-1] 2020-11-22 14:27:59,263 com.rty.springboot.common.config.datasource.DBContextHolder[INFO]: its aready slave db
[http-nio-8081-exec-1] 2020-11-22 14:27:59,275 com.rty.springboot.web.service.impl.UserServiceImpl[INFO]: from db get user
[http-nio-8081-exec-1] 2020-11-22 14:27:59,331 com.zaxxer.hikari.HikariDataSource[INFO]: HikariPool-1 - Started.
[http-nio-8081-exec-1] 2020-11-22 14:27:59,800 com.rty.springboot.web.mapper.UserMapper.getUser[DEBUG]: ==>  Preparing: select * from user where name=? 
[http-nio-8081-exec-1] 2020-11-22 14:27:59,876 com.rty.springboot.web.mapper.UserMapper.getUser[DEBUG]: ==> Parameters: jack(String)
[http-nio-8081-exec-1] 2020-11-22 14:27:59,944 com.rty.springboot.web.mapper.UserMapper.getUser[DEBUG]: <==      Total: 1
